current directory: /home/runner/AmazonGiftManager/.bundle/ruby/3.1.0/gems/bigdecimal-3.1.9/ext/bigdecimal
/nix/store/c4bdx4dja3h06xg1ksv3f51alp5a44li-ruby-3.1.5/bin/ruby extconf.rb
checking for __builtin_clz()... yes
checking for __builtin_clzl()... yes
checking for __builtin_clzll()... yes
checking for float.h... yes
checking for math.h... yes
checking for stdbool.h... yes
checking for stdlib.h... yes
checking for x86intrin.h... yes
checking for _lzcnt_u32() in x86intrin.h... no
checking for _lzcnt_u64() in x86intrin.h... no
checking for intrin.h... no
checking for labs() in stdlib.h... yes
checking for llabs() in stdlib.h... yes
checking for finite() in math.h... yes
checking for isfinite() in math.h... no
checking for ruby/atomic.h... yes
checking for ruby/internal/has/builtin.h... yes
checking for ruby/internal/static_assert.h... yes
checking for rb_rational_num() in ruby.h... yes
checking for rb_rational_den() in ruby.h... yes
checking for rb_complex_real() in ruby.h... yes
checking for rb_complex_imag() in ruby.h... yes
checking for rb_opts_exception_p() in ruby.h... yes
checking for rb_category_warn() in ruby.h... yes
checking for RB_WARN_CATEGORY_DEPRECATED in ruby.h... yes
creating Makefile

current directory: /home/runner/AmazonGiftManager/.bundle/ruby/3.1.0/gems/bigdecimal-3.1.9/ext/bigdecimal
make DESTDIR\= sitearchdir\=./.gem.20250107-1054-gh2o5i sitelibdir\=./.gem.20250107-1054-gh2o5i clean

current directory: /home/runner/AmazonGiftManager/.bundle/ruby/3.1.0/gems/bigdecimal-3.1.9/ext/bigdecimal
make DESTDIR\= sitearchdir\=./.gem.20250107-1054-gh2o5i sitelibdir\=./.gem.20250107-1054-gh2o5i
compiling bigdecimal.c
compiling missing.c
linking shared-object bigdecimal.so

current directory: /home/runner/AmazonGiftManager/.bundle/ruby/3.1.0/gems/bigdecimal-3.1.9/ext/bigdecimal
make DESTDIR\= sitearchdir\=./.gem.20250107-1054-gh2o5i sitelibdir\=./.gem.20250107-1054-gh2o5i install
install -c -p -m 755 bigdecimal.so ./.gem.20250107-1054-gh2o5i

current directory: /home/runner/AmazonGiftManager/.bundle/ruby/3.1.0/gems/bigdecimal-3.1.9/ext/bigdecimal
make DESTDIR\= sitearchdir\=./.gem.20250107-1054-gh2o5i sitelibdir\=./.gem.20250107-1054-gh2o5i clean
