current directory: /home/runner/AmazonGiftManager/.bundle/ruby/3.1.0/gems/io-console-0.8.0/ext/io/console
/nix/store/c4bdx4dja3h06xg1ksv3f51alp5a44li-ruby-3.1.5/bin/ruby extconf.rb
checking for rb_syserr_fail_str(0, Qnil)... yes
checking for rb_interned_str_cstr()... yes
checking for rb_io_path()... no
checking for rb_io_descriptor()... yes
checking for rb_io_get_write_io()... yes
checking for rb_io_closed_p()... no
checking for rb_io_open_descriptor()... no
checking for rb_ractor_local_storage_value_newkey()... yes
checking for termios.h... yes
checking for cfmakeraw() in termios.h... yes
checking for sys/ioctl.h... yes
checking for HAVE_RUBY_FIBER_SCHEDULER_H... yes
checking for ttyname_r()... yes
creating Makefile

current directory: /home/runner/AmazonGiftManager/.bundle/ruby/3.1.0/gems/io-console-0.8.0/ext/io/console
make DESTDIR\= sitearchdir\=./.gem.20250107-1054-ixw7kp sitelibdir\=./.gem.20250107-1054-ixw7kp clean

current directory: /home/runner/AmazonGiftManager/.bundle/ruby/3.1.0/gems/io-console-0.8.0/ext/io/console
make DESTDIR\= sitearchdir\=./.gem.20250107-1054-ixw7kp sitelibdir\=./.gem.20250107-1054-ixw7kp
compiling console.c
linking shared-object io/console.so

current directory: /home/runner/AmazonGiftManager/.bundle/ruby/3.1.0/gems/io-console-0.8.0/ext/io/console
make DESTDIR\= sitearchdir\=./.gem.20250107-1054-ixw7kp sitelibdir\=./.gem.20250107-1054-ixw7kp install
install -c -p -m 755 console.so ./.gem.20250107-1054-ixw7kp/io

current directory: /home/runner/AmazonGiftManager/.bundle/ruby/3.1.0/gems/io-console-0.8.0/ext/io/console
make DESTDIR\= sitearchdir\=./.gem.20250107-1054-ixw7kp sitelibdir\=./.gem.20250107-1054-ixw7kp clean
