current directory: /home/runner/AmazonGiftManager/.bundle/ruby/3.1.0/gems/pg-1.5.9/ext
/nix/store/c4bdx4dja3h06xg1ksv3f51alp5a44li-ruby-3.1.5/bin/ruby extconf.rb
Calling libpq with GVL unlocked
checking for pg_config... yes
Using config values from /nix/store/0z5iwcvalafm3j2c5pfhllsfbxrbyzf4-postgresql-16.5/bin/pg_config
Using libpq from The real pg_config can be found in the -dev output.
checking for libpq-fe.h... yes
checking for libpq/libpq-fs.h... yes
checking for pg_config_manual.h... yes
checking for PQconnectdb() in -lpq... yes
checking for PQconninfo() in libpq-fe.h... yes
checking for PQsslAttribute() in libpq-fe.h... yes
checking for PQresultVerboseErrorMessage() in libpq-fe.h... yes
checking for PQencryptPasswordConn() in libpq-fe.h... yes
checking for PQresultMemorySize() in libpq-fe.h... yes
checking for PQenterPipelineMode() in libpq-fe.h... yes
checking for timegm()... yes
checking for rb_gc_adjust_memory_usage()... yes
checking for rb_gc_mark_movable()... yes
checking for rb_io_wait()... yes
checking for rb_io_descriptor()... yes
checking for unistd.h... yes
checking for inttypes.h... yes
checking for C99 variable length arrays... yes
creating extconf.h
creating Makefile

current directory: /home/runner/AmazonGiftManager/.bundle/ruby/3.1.0/gems/pg-1.5.9/ext
make DESTDIR\= sitearchdir\=./.gem.20250107-1054-30gyt6 sitelibdir\=./.gem.20250107-1054-30gyt6 clean

current directory: /home/runner/AmazonGiftManager/.bundle/ruby/3.1.0/gems/pg-1.5.9/ext
make DESTDIR\= sitearchdir\=./.gem.20250107-1054-30gyt6 sitelibdir\=./.gem.20250107-1054-30gyt6
compiling gvl_wrappers.c
compiling pg.c
compiling pg_binary_decoder.c
compiling pg_binary_encoder.c
compiling pg_coder.c
compiling pg_connection.c
compiling pg_copy_coder.c
compiling pg_errors.c
compiling pg_record_coder.c
compiling pg_result.c
compiling pg_text_decoder.c
compiling pg_text_encoder.c
compiling pg_tuple.c
compiling pg_type_map.c
compiling pg_type_map_all_strings.c
compiling pg_type_map_by_class.c
compiling pg_type_map_by_column.c
compiling pg_type_map_by_mri_type.c
compiling pg_type_map_by_oid.c
compiling pg_type_map_in_ruby.c
compiling pg_util.c
linking shared-object pg_ext.so

current directory: /home/runner/AmazonGiftManager/.bundle/ruby/3.1.0/gems/pg-1.5.9/ext
make DESTDIR\= sitearchdir\=./.gem.20250107-1054-30gyt6 sitelibdir\=./.gem.20250107-1054-30gyt6 install
install -c -p -m 755 pg_ext.so ./.gem.20250107-1054-30gyt6
installing pg_ext libraries
install -c -p -m 644 postgresql_lib_path.rb .gem.20250107-1054-30gyt6/pg/

current directory: /home/runner/AmazonGiftManager/.bundle/ruby/3.1.0/gems/pg-1.5.9/ext
make DESTDIR\= sitearchdir\=./.gem.20250107-1054-30gyt6 sitelibdir\=./.gem.20250107-1054-30gyt6 clean
