package configuration for yaml-0.1 is not found
find_header: checking for yaml.h... -------------------- no

LD_LIBRARY_PATH=.:/nix/store/c4bdx4dja3h06xg1ksv3f51alp5a44li-ruby-3.1.5/lib "gcc -o conftest -I/nix/store/c4bdx4dja3h06xg1ksv3f51alp5a44li-ruby-3.1.5/include/ruby-3.1.0/x86_64-linux -I/nix/store/c4bdx4dja3h06xg1ksv3f51alp5a44li-ruby-3.1.5/include/ruby-3.1.0/ruby/backward -I/nix/store/c4bdx4dja3h06xg1ksv3f51alp5a44li-ruby-3.1.5/include/ruby-3.1.0 -I.    -O3 -fPIC conftest.c  -L. -L/nix/store/c4bdx4dja3h06xg1ksv3f51alp5a44li-ruby-3.1.5/lib -Wl,-rpath,/nix/store/c4bdx4dja3h06xg1ksv3f51alp5a44li-ruby-3.1.5/lib -L. -fstack-protector-strong -rdynamic -Wl,-export-dynamic -Wl,--no-as-needed     -Wl,-rpath,/nix/store/c4bdx4dja3h06xg1ksv3f51alp5a44li-ruby-3.1.5/lib -L/nix/store/c4bdx4dja3h06xg1ksv3f51alp5a44li-ruby-3.1.5/lib -lruby-3.1.5  -lm  -lc"
checked program was:
/* begin */
1: #include "ruby.h"
2: 
3: int main(int argc, char **argv)
4: {
5:   return !!argv[argc];
6: }
/* end */

LD_LIBRARY_PATH=.:/nix/store/c4bdx4dja3h06xg1ksv3f51alp5a44li-ruby-3.1.5/lib "gcc -I/nix/store/c4bdx4dja3h06xg1ksv3f51alp5a44li-ruby-3.1.5/include/ruby-3.1.0/x86_64-linux -I/nix/store/c4bdx4dja3h06xg1ksv3f51alp5a44li-ruby-3.1.5/include/ruby-3.1.0/ruby/backward -I/nix/store/c4bdx4dja3h06xg1ksv3f51alp5a44li-ruby-3.1.5/include/ruby-3.1.0 -I.    -O3 -fPIC   -c conftest.c"
conftest.c:3:10: fatal error: yaml.h: No such file or directory
    3 | #include <yaml.h>
      |          ^~~~~~~~
compilation terminated.
checked program was:
/* begin */
1: #include "ruby.h"
2: 
3: #include <yaml.h>
/* end */

--------------------

