current directory: /home/runner/AmazonGiftManager/.bundle/ruby/3.1.0/gems/date-3.4.1/ext/date
/nix/store/c4bdx4dja3h06xg1ksv3f51alp5a44li-ruby-3.1.5/bin/ruby extconf.rb
checking for rb_category_warn()... yes
checking for timezone in time.h with  -Werror... yes
checking for altzone in time.h with  -Werror... no
creating Makefile

current directory: /home/runner/AmazonGiftManager/.bundle/ruby/3.1.0/gems/date-3.4.1/ext/date
make DESTDIR\= sitearchdir\=./.gem.20250107-1054-ti01vi sitelibdir\=./.gem.20250107-1054-ti01vi clean

current directory: /home/runner/AmazonGiftManager/.bundle/ruby/3.1.0/gems/date-3.4.1/ext/date
make DESTDIR\= sitearchdir\=./.gem.20250107-1054-ti01vi sitelibdir\=./.gem.20250107-1054-ti01vi
compiling date_core.c
compiling date_parse.c
compiling date_strftime.c
compiling date_strptime.c
linking shared-object date_core.so

current directory: /home/runner/AmazonGiftManager/.bundle/ruby/3.1.0/gems/date-3.4.1/ext/date
make DESTDIR\= sitearchdir\=./.gem.20250107-1054-ti01vi sitelibdir\=./.gem.20250107-1054-ti01vi install
install -c -p -m 755 date_core.so ./.gem.20250107-1054-ti01vi

current directory: /home/runner/AmazonGiftManager/.bundle/ruby/3.1.0/gems/date-3.4.1/ext/date
make DESTDIR\= sitearchdir\=./.gem.20250107-1054-ti01vi sitelibdir\=./.gem.20250107-1054-ti01vi clean
